<?xml version="1.0" encoding="UTF-8"?>
<!-- Generated by org.testng.reporters.JUnitReportReporter -->
<testsuite hostname="CarbonFi-MBP9.local" failures="0" tests="1" name="org.example.AccountScreenTest" time="0.006" errors="0" timestamp="2021-09-05T11:29:11 WAT" skipped="0">
  <testcase classname="org.example.AccountScreenTest" name="UpgradeAccount" time="0.006"/>
  <system-out/>
</testsuite> <!-- org.example.AccountScreenTest -->
