<?xml version="1.0" encoding="UTF-8"?>
<!-- Generated by org.testng.reporters.JUnitReportReporter -->
<testsuite hostname="CarbonFi-MBP9.local" failures="0" tests="2" name="org.example.HomeScreenTest" time="0.000" errors="0" timestamp="2021-09-05T11:28:54 WAT" skipped="0">
  <testcase classname="org.example.HomeScreenTest" name="SendMoneyButton" time="0.000"/>
  <system-out/>
  <testcase classname="org.example.HomeScreenTest" name="AddMoneyButton" time="0.000"/>
  <system-out/>
</testsuite> <!-- org.example.HomeScreenTest -->
